0 info it worked if it ends with ok
1 verbose cli [ 'C:\\Program Files\\nodejs\\node.exe',
1 verbose cli   'C:\\Program Files\\nodejs\\node_modules\\npm\\bin\\npm-cli.js',
1 verbose cli   'install',
1 verbose cli   'node-dht-sensor',
1 verbose cli   '--save' ]
2 info using npm@4.1.2
3 info using node@v7.5.0
4 silly loadCurrentTree Starting
5 silly install loadCurrentTree
6 silly install readLocalPackageData
7 silly fetchPackageMetaData node-dht-sensor
8 silly fetchNamedPackageData node-dht-sensor
9 silly mapToRegistry name node-dht-sensor
10 silly mapToRegistry using default registry
11 silly mapToRegistry registry https://registry.npmjs.org/
12 silly mapToRegistry data Result {
12 silly mapToRegistry   raw: 'node-dht-sensor',
12 silly mapToRegistry   scope: null,
12 silly mapToRegistry   escapedName: 'node-dht-sensor',
12 silly mapToRegistry   name: 'node-dht-sensor',
12 silly mapToRegistry   rawSpec: '',
12 silly mapToRegistry   spec: 'latest',
12 silly mapToRegistry   type: 'tag' }
13 silly mapToRegistry uri https://registry.npmjs.org/node-dht-sensor
14 verbose request uri https://registry.npmjs.org/node-dht-sensor
15 verbose request no auth needed
16 info attempt registry request try #1 at 20:44:23
17 verbose request id cd29786610658f3d
18 http request GET https://registry.npmjs.org/node-dht-sensor
19 http 200 https://registry.npmjs.org/node-dht-sensor
20 verbose headers { server: 'nginx/1.10.1',
20 verbose headers   'content-type': 'application/json',
20 verbose headers   'last-modified': 'Sun, 13 Nov 2016 18:51:39 GMT',
20 verbose headers   etag: 'W/"5828b63b-8ba1"',
20 verbose headers   'content-encoding': 'gzip',
20 verbose headers   'cache-control': 'max-age=300',
20 verbose headers   'content-length': '5834',
20 verbose headers   'accept-ranges': 'bytes',
20 verbose headers   date: 'Fri, 07 Apr 2017 17:44:24 GMT',
20 verbose headers   via: '1.1 varnish',
20 verbose headers   age: '0',
20 verbose headers   connection: 'keep-alive',
20 verbose headers   'x-served-by': 'cache-bma7027-BMA',
20 verbose headers   'x-cache': 'MISS',
20 verbose headers   'x-cache-hits': '0',
20 verbose headers   'x-timer': 'S1491587064.302300,VS0,VE24',
20 verbose headers   vary: 'Accept-Encoding' }
21 silly get cb [ 200,
21 silly get   { server: 'nginx/1.10.1',
21 silly get     'content-type': 'application/json',
21 silly get     'last-modified': 'Sun, 13 Nov 2016 18:51:39 GMT',
21 silly get     etag: 'W/"5828b63b-8ba1"',
21 silly get     'content-encoding': 'gzip',
21 silly get     'cache-control': 'max-age=300',
21 silly get     'content-length': '5834',
21 silly get     'accept-ranges': 'bytes',
21 silly get     date: 'Fri, 07 Apr 2017 17:44:24 GMT',
21 silly get     via: '1.1 varnish',
21 silly get     age: '0',
21 silly get     connection: 'keep-alive',
21 silly get     'x-served-by': 'cache-bma7027-BMA',
21 silly get     'x-cache': 'MISS',
21 silly get     'x-cache-hits': '0',
21 silly get     'x-timer': 'S1491587064.302300,VS0,VE24',
21 silly get     vary: 'Accept-Encoding' } ]
22 verbose get saving node-dht-sensor to C:\Users\Aleksi\AppData\Roaming\npm-cache\registry.npmjs.org\node-dht-sensor\.cache.json
23 verbose correctMkdir C:\Users\Aleksi\AppData\Roaming\npm-cache correctMkdir not in flight; initializing
24 silly install normalizeTree
25 silly loadCurrentTree Finishing
26 silly loadIdealTree Starting
27 silly install loadIdealTree
28 silly cloneCurrentTree Starting
29 silly install cloneCurrentTreeToIdealTree
30 silly cloneCurrentTree Finishing
31 silly loadShrinkwrap Starting
32 silly install loadShrinkwrap
33 silly loadShrinkwrap Finishing
34 silly loadAllDepsIntoIdealTree Starting
35 silly install loadAllDepsIntoIdealTree
36 silly resolveWithNewModule node-dht-sensor@0.0.32 checking installable status
37 silly cache add args [ 'node-dht-sensor', null ]
38 verbose cache add spec node-dht-sensor
39 silly cache add parsed spec Result {
39 silly cache add   raw: 'node-dht-sensor',
39 silly cache add   scope: null,
39 silly cache add   escapedName: 'node-dht-sensor',
39 silly cache add   name: 'node-dht-sensor',
39 silly cache add   rawSpec: '',
39 silly cache add   spec: 'latest',
39 silly cache add   type: 'tag' }
40 silly addNamed node-dht-sensor@latest
41 verbose addNamed "latest" is being treated as a dist-tag for node-dht-sensor
42 info addNameTag [ 'node-dht-sensor', 'latest' ]
43 silly mapToRegistry name node-dht-sensor
44 silly mapToRegistry using default registry
45 silly mapToRegistry registry https://registry.npmjs.org/
46 silly mapToRegistry data Result {
46 silly mapToRegistry   raw: 'node-dht-sensor',
46 silly mapToRegistry   scope: null,
46 silly mapToRegistry   escapedName: 'node-dht-sensor',
46 silly mapToRegistry   name: 'node-dht-sensor',
46 silly mapToRegistry   rawSpec: '',
46 silly mapToRegistry   spec: 'latest',
46 silly mapToRegistry   type: 'tag' }
47 silly mapToRegistry uri https://registry.npmjs.org/node-dht-sensor
48 verbose addNameTag registry:https://registry.npmjs.org/node-dht-sensor not in flight; fetching
49 verbose get https://registry.npmjs.org/node-dht-sensor not expired, no request
50 silly addNameTag next cb for node-dht-sensor with tag latest
51 silly addNamed node-dht-sensor@0.0.32
52 verbose addNamed "0.0.32" is a plain semver version for node-dht-sensor
53 silly mapToRegistry name node-dht-sensor
54 silly mapToRegistry using default registry
55 silly mapToRegistry registry https://registry.npmjs.org/
56 silly mapToRegistry data Result {
56 silly mapToRegistry   raw: 'node-dht-sensor',
56 silly mapToRegistry   scope: null,
56 silly mapToRegistry   escapedName: 'node-dht-sensor',
56 silly mapToRegistry   name: 'node-dht-sensor',
56 silly mapToRegistry   rawSpec: '',
56 silly mapToRegistry   spec: 'latest',
56 silly mapToRegistry   type: 'tag' }
57 silly mapToRegistry uri https://registry.npmjs.org/node-dht-sensor
58 verbose addRemoteTarball https://registry.npmjs.org/node-dht-sensor/-/node-dht-sensor-0.0.32.tgz not in flight; adding
59 verbose addRemoteTarball [ 'https://registry.npmjs.org/node-dht-sensor/-/node-dht-sensor-0.0.32.tgz',
59 verbose addRemoteTarball   '9bf6988898e5dd4362ff7724caec7ed8900d2532' ]
60 info retry fetch attempt 1 at 20:44:23
61 info attempt registry request try #1 at 20:44:23
62 http fetch GET https://registry.npmjs.org/node-dht-sensor/-/node-dht-sensor-0.0.32.tgz
63 http fetch 200 https://registry.npmjs.org/node-dht-sensor/-/node-dht-sensor-0.0.32.tgz
64 silly fetchAndShaCheck shasum 9bf6988898e5dd4362ff7724caec7ed8900d2532
65 verbose addTmpTarball C:\Users\Aleksi\AppData\Local\Temp\npm-9480-5fbbc979\registry.npmjs.org\node-dht-sensor\-\node-dht-sensor-0.0.32.tgz not in flight; adding
66 verbose addTmpTarball already have metadata; skipping unpack for node-dht-sensor@0.0.32
67 verbose correctMkdir C:\Users\Aleksi\AppData\Roaming\npm-cache correctMkdir not in flight; initializing
68 silly cache afterAdd node-dht-sensor@0.0.32
69 verbose afterAdd C:\Users\Aleksi\AppData\Roaming\npm-cache\node-dht-sensor\0.0.32\package\package.json not in flight; writing
70 verbose correctMkdir C:\Users\Aleksi\AppData\Roaming\npm-cache correctMkdir not in flight; initializing
71 verbose afterAdd C:\Users\Aleksi\AppData\Roaming\npm-cache\node-dht-sensor\0.0.32\package\package.json written
72 silly loadAllDepsIntoIdealTree Finishing
73 silly loadIdealTree Finishing
74 silly currentTree piweather@1.0.0
74 silly currentTree +-- accepts@1.3.3
74 silly currentTree +-- agentkeepalive@2.2.0
74 silly currentTree +-- array-flatten@1.1.1
74 silly currentTree +-- balanced-match@0.4.2
74 silly currentTree +-- brace-expansion@1.1.6
74 silly currentTree +-- buffer-shims@1.0.0
74 silly currentTree +-- concat-map@0.0.1
74 silly currentTree +-- concat-stream@1.6.0
74 silly currentTree +-- content-disposition@0.5.2
74 silly currentTree +-- content-type@1.0.2
74 silly currentTree +-- cookie-signature@1.0.6
74 silly currentTree +-- cookie@0.3.1
74 silly currentTree +-- core-util-is@1.0.2
74 silly currentTree +-- cron-parser@1.1.0
74 silly currentTree +-- debug@2.6.1
74 silly currentTree +-- depd@1.1.0
74 silly currentTree +-- destroy@1.0.4
74 silly currentTree +-- double-ended-queue@2.1.0-0
74 silly currentTree +-- ee-first@1.1.1
74 silly currentTree +-- encodeurl@1.0.1
74 silly currentTree +-- escape-html@1.0.3
74 silly currentTree +-- etag@1.8.0
74 silly currentTree +-- express@4.15.2
74 silly currentTree +-- finalhandler@1.0.1
74 silly currentTree | `-- debug@2.6.3
74 silly currentTree +-- foreachasync@3.0.0
74 silly currentTree +-- forwarded@0.1.0
74 silly currentTree +-- fresh@0.5.0
74 silly currentTree +-- html@1.0.0
74 silly currentTree +-- http-errors@1.6.1
74 silly currentTree +-- inherits@2.0.3
74 silly currentTree +-- ipaddr.js@1.3.0
74 silly currentTree +-- is-typedarray@1.0.0
74 silly currentTree +-- isarray@1.0.0
74 silly currentTree +-- loadtest@2.3.0
74 silly currentTree +-- locutus@2.0.8
74 silly currentTree +-- log@1.4.0
74 silly currentTree +-- long-timeout@0.1.1
74 silly currentTree +-- media-typer@0.3.0
74 silly currentTree +-- merge-descriptors@1.0.1
74 silly currentTree +-- methods@1.1.2
74 silly currentTree +-- mime-db@1.27.0
74 silly currentTree +-- mime-types@2.1.15
74 silly currentTree +-- mime@1.3.4
74 silly currentTree +-- minimatch@3.0.3
74 silly currentTree +-- ms@0.7.2
74 silly currentTree +-- nan@2.5.1
74 silly currentTree +-- negotiator@0.6.1
74 silly currentTree +-- node-schedule@1.2.1
74 silly currentTree +-- nodemailer@3.1.8
74 silly currentTree +-- on-finished@2.3.0
74 silly currentTree +-- on-headers@1.0.1
74 silly currentTree +-- parseurl@1.3.1
74 silly currentTree +-- path-to-regexp@0.1.7
74 silly currentTree +-- process-nextick-args@1.0.7
74 silly currentTree +-- prototypes@2.3.2
74 silly currentTree +-- proxy-addr@1.1.4
74 silly currentTree +-- qs@6.4.0
74 silly currentTree +-- range-parser@1.2.0
74 silly currentTree +-- readable-stream@2.2.6
74 silly currentTree +-- redis-commands@1.3.1
74 silly currentTree +-- redis-parser@2.5.0
74 silly currentTree +-- redis@2.7.1
74 silly currentTree +-- response-time@2.3.2
74 silly currentTree +-- send@0.15.1
74 silly currentTree +-- serve-static@1.12.1
74 silly currentTree +-- setprototypeof@1.0.3
74 silly currentTree +-- sorted-array-functions@1.0.0
74 silly currentTree +-- sqlite3@3.1.8
74 silly currentTree | +-- nan@2.4.0
74 silly currentTree | `-- node-pre-gyp@0.6.31
74 silly currentTree |   +-- mkdirp@0.5.1
74 silly currentTree |   | `-- minimist@0.0.8
74 silly currentTree |   +-- nopt@3.0.6
74 silly currentTree |   | `-- abbrev@1.0.9
74 silly currentTree |   +-- npmlog@4.0.0
74 silly currentTree |   | +-- are-we-there-yet@1.1.2
74 silly currentTree |   | | +-- delegates@1.0.0
74 silly currentTree |   | | `-- readable-stream@2.1.5
74 silly currentTree |   | |   +-- buffer-shims@1.0.0
74 silly currentTree |   | |   +-- core-util-is@1.0.2
74 silly currentTree |   | |   +-- inherits@2.0.3
74 silly currentTree |   | |   +-- isarray@1.0.0
74 silly currentTree |   | |   +-- process-nextick-args@1.0.7
74 silly currentTree |   | |   +-- string_decoder@0.10.31
74 silly currentTree |   | |   `-- util-deprecate@1.0.2
74 silly currentTree |   | +-- console-control-strings@1.1.0
74 silly currentTree |   | +-- gauge@2.6.0
74 silly currentTree |   | | +-- aproba@1.0.4
74 silly currentTree |   | | +-- has-color@0.1.7
74 silly currentTree |   | | +-- has-unicode@2.0.1
74 silly currentTree |   | | +-- object-assign@4.1.0
74 silly currentTree |   | | +-- signal-exit@3.0.1
74 silly currentTree |   | | +-- string-width@1.0.2
74 silly currentTree |   | | | +-- code-point-at@1.0.1
74 silly currentTree |   | | | | `-- number-is-nan@1.0.1
74 silly currentTree |   | | | `-- is-fullwidth-code-point@1.0.0
74 silly currentTree |   | | |   `-- number-is-nan@1.0.1
74 silly currentTree |   | | +-- strip-ansi@3.0.1
74 silly currentTree |   | | | `-- ansi-regex@2.0.0
74 silly currentTree |   | | `-- wide-align@1.1.0
74 silly currentTree |   | `-- set-blocking@2.0.0
74 silly currentTree |   +-- rc@1.1.6
74 silly currentTree |   | +-- deep-extend@0.4.1
74 silly currentTree |   | +-- ini@1.3.4
74 silly currentTree |   | +-- minimist@1.2.0
74 silly currentTree |   | `-- strip-json-comments@1.0.4
74 silly currentTree |   +-- request@2.76.0
74 silly currentTree |   | +-- aws-sign2@0.6.0
74 silly currentTree |   | +-- aws4@1.5.0
74 silly currentTree |   | +-- caseless@0.11.0
74 silly currentTree |   | +-- combined-stream@1.0.5
74 silly currentTree |   | | `-- delayed-stream@1.0.0
74 silly currentTree |   | +-- extend@3.0.0
74 silly currentTree |   | +-- forever-agent@0.6.1
74 silly currentTree |   | +-- form-data@2.1.1
74 silly currentTree |   | | `-- asynckit@0.4.0
74 silly currentTree |   | +-- har-validator@2.0.6
74 silly currentTree |   | | +-- chalk@1.1.3
74 silly currentTree |   | | | +-- ansi-styles@2.2.1
74 silly currentTree |   | | | +-- escape-string-regexp@1.0.5
74 silly currentTree |   | | | +-- has-ansi@2.0.0
74 silly currentTree |   | | | | `-- ansi-regex@2.0.0
74 silly currentTree |   | | | +-- strip-ansi@3.0.1
74 silly currentTree |   | | | | `-- ansi-regex@2.0.0
74 silly currentTree |   | | | `-- supports-color@2.0.0
74 silly currentTree |   | | +-- commander@2.9.0
74 silly currentTree |   | | | `-- graceful-readlink@1.0.1
74 silly currentTree |   | | +-- is-my-json-valid@2.15.0
74 silly currentTree |   | | | +-- generate-function@2.0.0
74 silly currentTree |   | | | +-- generate-object-property@1.2.0
74 silly currentTree |   | | | | `-- is-property@1.0.2
74 silly currentTree |   | | | +-- jsonpointer@4.0.0
74 silly currentTree |   | | | `-- xtend@4.0.1
74 silly currentTree |   | | `-- pinkie-promise@2.0.1
74 silly currentTree |   | |   `-- pinkie@2.0.4
74 silly currentTree |   | +-- hawk@3.1.3
74 silly currentTree |   | | +-- boom@2.10.1
74 silly currentTree |   | | +-- cryptiles@2.0.5
74 silly currentTree |   | | +-- hoek@2.16.3
74 silly currentTree |   | | `-- sntp@1.0.9
74 silly currentTree |   | +-- http-signature@1.1.1
74 silly currentTree |   | | +-- assert-plus@0.2.0
74 silly currentTree |   | | +-- jsprim@1.3.1
74 silly currentTree |   | | | +-- extsprintf@1.0.2
74 silly currentTree |   | | | +-- json-schema@0.2.3
74 silly currentTree |   | | | `-- verror@1.3.6
74 silly currentTree |   | | `-- sshpk@1.10.1
74 silly currentTree |   | |   +-- asn1@0.2.3
74 silly currentTree |   | |   +-- assert-plus@1.0.0
74 silly currentTree |   | |   +-- bcrypt-pbkdf@1.0.0
74 silly currentTree |   | |   +-- dashdash@1.14.0
74 silly currentTree |   | |   +-- ecc-jsbn@0.1.1
74 silly currentTree |   | |   +-- getpass@0.1.6
74 silly currentTree |   | |   +-- jodid25519@1.0.2
74 silly currentTree |   | |   +-- jsbn@0.1.0
74 silly currentTree |   | |   `-- tweetnacl@0.14.3
74 silly currentTree |   | +-- is-typedarray@1.0.0
74 silly currentTree |   | +-- isstream@0.1.2
74 silly currentTree |   | +-- json-stringify-safe@5.0.1
74 silly currentTree |   | +-- mime-types@2.1.12
74 silly currentTree |   | | `-- mime-db@1.24.0
74 silly currentTree |   | +-- node-uuid@1.4.7
74 silly currentTree |   | +-- oauth-sign@0.8.2
74 silly currentTree |   | +-- qs@6.3.0
74 silly currentTree |   | +-- stringstream@0.0.5
74 silly currentTree |   | +-- tough-cookie@2.3.2
74 silly currentTree |   | | `-- punycode@1.4.1
74 silly currentTree |   | `-- tunnel-agent@0.4.3
74 silly currentTree |   +-- rimraf@2.5.4
74 silly currentTree |   | `-- glob@7.1.1
74 silly currentTree |   |   +-- fs.realpath@1.0.0
74 silly currentTree |   |   +-- inflight@1.0.6
74 silly currentTree |   |   | `-- wrappy@1.0.2
74 silly currentTree |   |   +-- inherits@2.0.3
74 silly currentTree |   |   +-- minimatch@3.0.3
74 silly currentTree |   |   | `-- brace-expansion@1.1.6
74 silly currentTree |   |   |   +-- balanced-match@0.4.2
74 silly currentTree |   |   |   `-- concat-map@0.0.1
74 silly currentTree |   |   +-- once@1.4.0
74 silly currentTree |   |   | `-- wrappy@1.0.2
74 silly currentTree |   |   `-- path-is-absolute@1.0.1
74 silly currentTree |   +-- semver@5.3.0
74 silly currentTree |   +-- tar-pack@3.3.0
74 silly currentTree |   | +-- debug@2.2.0
74 silly currentTree |   | | `-- ms@0.7.1
74 silly currentTree |   | +-- fstream-ignore@1.0.5
74 silly currentTree |   | | +-- inherits@2.0.3
74 silly currentTree |   | | `-- minimatch@3.0.3
74 silly currentTree |   | |   `-- brace-expansion@1.1.6
74 silly currentTree |   | |     +-- balanced-match@0.4.2
74 silly currentTree |   | |     `-- concat-map@0.0.1
74 silly currentTree |   | +-- fstream@1.0.10
74 silly currentTree |   | | +-- graceful-fs@4.1.9
74 silly currentTree |   | | `-- inherits@2.0.3
74 silly currentTree |   | +-- once@1.3.3
74 silly currentTree |   | | `-- wrappy@1.0.2
74 silly currentTree |   | +-- readable-stream@2.1.5
74 silly currentTree |   | | +-- buffer-shims@1.0.0
74 silly currentTree |   | | +-- core-util-is@1.0.2
74 silly currentTree |   | | +-- inherits@2.0.3
74 silly currentTree |   | | +-- isarray@1.0.0
74 silly currentTree |   | | +-- process-nextick-args@1.0.7
74 silly currentTree |   | | +-- string_decoder@0.10.31
74 silly currentTree |   | | `-- util-deprecate@1.0.2
74 silly currentTree |   | `-- uid-number@0.0.6
74 silly currentTree |   `-- tar@2.2.1
74 silly currentTree |     +-- block-stream@0.0.9
74 silly currentTree |     +-- fstream@1.0.10
74 silly currentTree |     | `-- graceful-fs@4.1.9
74 silly currentTree |     `-- inherits@2.0.3
74 silly currentTree +-- statuses@1.3.1
74 silly currentTree +-- stdio@0.2.7
74 silly currentTree +-- string_decoder@0.10.31
74 silly currentTree +-- testing@0.2.3
74 silly currentTree +-- twig@1.10.4
74 silly currentTree +-- type-is@1.6.15
74 silly currentTree +-- typedarray-to-buffer@3.1.2
74 silly currentTree +-- typedarray@0.0.6
74 silly currentTree +-- unpipe@1.0.0
74 silly currentTree +-- util-deprecate@1.0.2
74 silly currentTree +-- utils-merge@1.0.0
74 silly currentTree +-- vary@1.1.1
74 silly currentTree +-- walk@2.3.9
74 silly currentTree +-- websocket@1.0.24
74 silly currentTree `-- yaeti@0.0.6
75 silly idealTree piweather@1.0.0
75 silly idealTree +-- accepts@1.3.3
75 silly idealTree +-- agentkeepalive@2.2.0
75 silly idealTree +-- array-flatten@1.1.1
75 silly idealTree +-- balanced-match@0.4.2
75 silly idealTree +-- brace-expansion@1.1.6
75 silly idealTree +-- buffer-shims@1.0.0
75 silly idealTree +-- concat-map@0.0.1
75 silly idealTree +-- concat-stream@1.6.0
75 silly idealTree +-- content-disposition@0.5.2
75 silly idealTree +-- content-type@1.0.2
75 silly idealTree +-- cookie-signature@1.0.6
75 silly idealTree +-- cookie@0.3.1
75 silly idealTree +-- core-util-is@1.0.2
75 silly idealTree +-- cron-parser@1.1.0
75 silly idealTree +-- debug@2.6.1
75 silly idealTree +-- depd@1.1.0
75 silly idealTree +-- destroy@1.0.4
75 silly idealTree +-- double-ended-queue@2.1.0-0
75 silly idealTree +-- ee-first@1.1.1
75 silly idealTree +-- encodeurl@1.0.1
75 silly idealTree +-- escape-html@1.0.3
75 silly idealTree +-- etag@1.8.0
75 silly idealTree +-- express@4.15.2
75 silly idealTree +-- finalhandler@1.0.1
75 silly idealTree | `-- debug@2.6.3
75 silly idealTree +-- foreachasync@3.0.0
75 silly idealTree +-- forwarded@0.1.0
75 silly idealTree +-- fresh@0.5.0
75 silly idealTree +-- html@1.0.0
75 silly idealTree +-- http-errors@1.6.1
75 silly idealTree +-- inherits@2.0.3
75 silly idealTree +-- ipaddr.js@1.3.0
75 silly idealTree +-- is-typedarray@1.0.0
75 silly idealTree +-- isarray@1.0.0
75 silly idealTree +-- loadtest@2.3.0
75 silly idealTree +-- locutus@2.0.8
75 silly idealTree +-- log@1.4.0
75 silly idealTree +-- long-timeout@0.1.1
75 silly idealTree +-- media-typer@0.3.0
75 silly idealTree +-- merge-descriptors@1.0.1
75 silly idealTree +-- methods@1.1.2
75 silly idealTree +-- mime-db@1.27.0
75 silly idealTree +-- mime-types@2.1.15
75 silly idealTree +-- mime@1.3.4
75 silly idealTree +-- minimatch@3.0.3
75 silly idealTree +-- ms@0.7.2
75 silly idealTree +-- nan@2.5.1
75 silly idealTree +-- negotiator@0.6.1
75 silly idealTree +-- node-dht-sensor@0.0.32
75 silly idealTree +-- node-schedule@1.2.1
75 silly idealTree +-- nodemailer@3.1.8
75 silly idealTree +-- on-finished@2.3.0
75 silly idealTree +-- on-headers@1.0.1
75 silly idealTree +-- parseurl@1.3.1
75 silly idealTree +-- path-to-regexp@0.1.7
75 silly idealTree +-- process-nextick-args@1.0.7
75 silly idealTree +-- prototypes@2.3.2
75 silly idealTree +-- proxy-addr@1.1.4
75 silly idealTree +-- qs@6.4.0
75 silly idealTree +-- range-parser@1.2.0
75 silly idealTree +-- readable-stream@2.2.6
75 silly idealTree +-- redis-commands@1.3.1
75 silly idealTree +-- redis-parser@2.5.0
75 silly idealTree +-- redis@2.7.1
75 silly idealTree +-- response-time@2.3.2
75 silly idealTree +-- send@0.15.1
75 silly idealTree +-- serve-static@1.12.1
75 silly idealTree +-- setprototypeof@1.0.3
75 silly idealTree +-- sorted-array-functions@1.0.0
75 silly idealTree +-- sqlite3@3.1.8
75 silly idealTree | +-- nan@2.4.0
75 silly idealTree | `-- node-pre-gyp@0.6.31
75 silly idealTree |   +-- mkdirp@0.5.1
75 silly idealTree |   | `-- minimist@0.0.8
75 silly idealTree |   +-- nopt@3.0.6
75 silly idealTree |   | `-- abbrev@1.0.9
75 silly idealTree |   +-- npmlog@4.0.0
75 silly idealTree |   | +-- are-we-there-yet@1.1.2
75 silly idealTree |   | | +-- delegates@1.0.0
75 silly idealTree |   | | `-- readable-stream@2.1.5
75 silly idealTree |   | |   +-- buffer-shims@1.0.0
75 silly idealTree |   | |   +-- core-util-is@1.0.2
75 silly idealTree |   | |   +-- inherits@2.0.3
75 silly idealTree |   | |   +-- isarray@1.0.0
75 silly idealTree |   | |   +-- process-nextick-args@1.0.7
75 silly idealTree |   | |   +-- string_decoder@0.10.31
75 silly idealTree |   | |   `-- util-deprecate@1.0.2
75 silly idealTree |   | +-- console-control-strings@1.1.0
75 silly idealTree |   | +-- gauge@2.6.0
75 silly idealTree |   | | +-- aproba@1.0.4
75 silly idealTree |   | | +-- has-color@0.1.7
75 silly idealTree |   | | +-- has-unicode@2.0.1
75 silly idealTree |   | | +-- object-assign@4.1.0
75 silly idealTree |   | | +-- signal-exit@3.0.1
75 silly idealTree |   | | +-- string-width@1.0.2
75 silly idealTree |   | | | +-- code-point-at@1.0.1
75 silly idealTree |   | | | | `-- number-is-nan@1.0.1
75 silly idealTree |   | | | `-- is-fullwidth-code-point@1.0.0
75 silly idealTree |   | | |   `-- number-is-nan@1.0.1
75 silly idealTree |   | | +-- strip-ansi@3.0.1
75 silly idealTree |   | | | `-- ansi-regex@2.0.0
75 silly idealTree |   | | `-- wide-align@1.1.0
75 silly idealTree |   | `-- set-blocking@2.0.0
75 silly idealTree |   +-- rc@1.1.6
75 silly idealTree |   | +-- deep-extend@0.4.1
75 silly idealTree |   | +-- ini@1.3.4
75 silly idealTree |   | +-- minimist@1.2.0
75 silly idealTree |   | `-- strip-json-comments@1.0.4
75 silly idealTree |   +-- request@2.76.0
75 silly idealTree |   | +-- aws-sign2@0.6.0
75 silly idealTree |   | +-- aws4@1.5.0
75 silly idealTree |   | +-- caseless@0.11.0
75 silly idealTree |   | +-- combined-stream@1.0.5
75 silly idealTree |   | | `-- delayed-stream@1.0.0
75 silly idealTree |   | +-- extend@3.0.0
75 silly idealTree |   | +-- forever-agent@0.6.1
75 silly idealTree |   | +-- form-data@2.1.1
75 silly idealTree |   | | `-- asynckit@0.4.0
75 silly idealTree |   | +-- har-validator@2.0.6
75 silly idealTree |   | | +-- chalk@1.1.3
75 silly idealTree |   | | | +-- ansi-styles@2.2.1
75 silly idealTree |   | | | +-- escape-string-regexp@1.0.5
75 silly idealTree |   | | | +-- has-ansi@2.0.0
75 silly idealTree |   | | | | `-- ansi-regex@2.0.0
75 silly idealTree |   | | | +-- strip-ansi@3.0.1
75 silly idealTree |   | | | | `-- ansi-regex@2.0.0
75 silly idealTree |   | | | `-- supports-color@2.0.0
75 silly idealTree |   | | +-- commander@2.9.0
75 silly idealTree |   | | | `-- graceful-readlink@1.0.1
75 silly idealTree |   | | +-- is-my-json-valid@2.15.0
75 silly idealTree |   | | | +-- generate-function@2.0.0
75 silly idealTree |   | | | +-- generate-object-property@1.2.0
75 silly idealTree |   | | | | `-- is-property@1.0.2
75 silly idealTree |   | | | +-- jsonpointer@4.0.0
75 silly idealTree |   | | | `-- xtend@4.0.1
75 silly idealTree |   | | `-- pinkie-promise@2.0.1
75 silly idealTree |   | |   `-- pinkie@2.0.4
75 silly idealTree |   | +-- hawk@3.1.3
75 silly idealTree |   | | +-- boom@2.10.1
75 silly idealTree |   | | +-- cryptiles@2.0.5
75 silly idealTree |   | | +-- hoek@2.16.3
75 silly idealTree |   | | `-- sntp@1.0.9
75 silly idealTree |   | +-- http-signature@1.1.1
75 silly idealTree |   | | +-- assert-plus@0.2.0
75 silly idealTree |   | | +-- jsprim@1.3.1
75 silly idealTree |   | | | +-- extsprintf@1.0.2
75 silly idealTree |   | | | +-- json-schema@0.2.3
75 silly idealTree |   | | | `-- verror@1.3.6
75 silly idealTree |   | | `-- sshpk@1.10.1
75 silly idealTree |   | |   +-- asn1@0.2.3
75 silly idealTree |   | |   +-- assert-plus@1.0.0
75 silly idealTree |   | |   +-- bcrypt-pbkdf@1.0.0
75 silly idealTree |   | |   +-- dashdash@1.14.0
75 silly idealTree |   | |   +-- ecc-jsbn@0.1.1
75 silly idealTree |   | |   +-- getpass@0.1.6
75 silly idealTree |   | |   +-- jodid25519@1.0.2
75 silly idealTree |   | |   +-- jsbn@0.1.0
75 silly idealTree |   | |   `-- tweetnacl@0.14.3
75 silly idealTree |   | +-- is-typedarray@1.0.0
75 silly idealTree |   | +-- isstream@0.1.2
75 silly idealTree |   | +-- json-stringify-safe@5.0.1
75 silly idealTree |   | +-- mime-types@2.1.12
75 silly idealTree |   | | `-- mime-db@1.24.0
75 silly idealTree |   | +-- node-uuid@1.4.7
75 silly idealTree |   | +-- oauth-sign@0.8.2
75 silly idealTree |   | +-- qs@6.3.0
75 silly idealTree |   | +-- stringstream@0.0.5
75 silly idealTree |   | +-- tough-cookie@2.3.2
75 silly idealTree |   | | `-- punycode@1.4.1
75 silly idealTree |   | `-- tunnel-agent@0.4.3
75 silly idealTree |   +-- rimraf@2.5.4
75 silly idealTree |   | `-- glob@7.1.1
75 silly idealTree |   |   +-- fs.realpath@1.0.0
75 silly idealTree |   |   +-- inflight@1.0.6
75 silly idealTree |   |   | `-- wrappy@1.0.2
75 silly idealTree |   |   +-- inherits@2.0.3
75 silly idealTree |   |   +-- minimatch@3.0.3
75 silly idealTree |   |   | `-- brace-expansion@1.1.6
75 silly idealTree |   |   |   +-- balanced-match@0.4.2
75 silly idealTree |   |   |   `-- concat-map@0.0.1
75 silly idealTree |   |   +-- once@1.4.0
75 silly idealTree |   |   | `-- wrappy@1.0.2
75 silly idealTree |   |   `-- path-is-absolute@1.0.1
75 silly idealTree |   +-- semver@5.3.0
75 silly idealTree |   +-- tar-pack@3.3.0
75 silly idealTree |   | +-- debug@2.2.0
75 silly idealTree |   | | `-- ms@0.7.1
75 silly idealTree |   | +-- fstream-ignore@1.0.5
75 silly idealTree |   | | +-- inherits@2.0.3
75 silly idealTree |   | | `-- minimatch@3.0.3
75 silly idealTree |   | |   `-- brace-expansion@1.1.6
75 silly idealTree |   | |     +-- balanced-match@0.4.2
75 silly idealTree |   | |     `-- concat-map@0.0.1
75 silly idealTree |   | +-- fstream@1.0.10
75 silly idealTree |   | | +-- graceful-fs@4.1.9
75 silly idealTree |   | | `-- inherits@2.0.3
75 silly idealTree |   | +-- once@1.3.3
75 silly idealTree |   | | `-- wrappy@1.0.2
75 silly idealTree |   | +-- readable-stream@2.1.5
75 silly idealTree |   | | +-- buffer-shims@1.0.0
75 silly idealTree |   | | +-- core-util-is@1.0.2
75 silly idealTree |   | | +-- inherits@2.0.3
75 silly idealTree |   | | +-- isarray@1.0.0
75 silly idealTree |   | | +-- process-nextick-args@1.0.7
75 silly idealTree |   | | +-- string_decoder@0.10.31
75 silly idealTree |   | | `-- util-deprecate@1.0.2
75 silly idealTree |   | `-- uid-number@0.0.6
75 silly idealTree |   `-- tar@2.2.1
75 silly idealTree |     +-- block-stream@0.0.9
75 silly idealTree |     +-- fstream@1.0.10
75 silly idealTree |     | `-- graceful-fs@4.1.9
75 silly idealTree |     `-- inherits@2.0.3
75 silly idealTree +-- statuses@1.3.1
75 silly idealTree +-- stdio@0.2.7
75 silly idealTree +-- string_decoder@0.10.31
75 silly idealTree +-- testing@0.2.3
75 silly idealTree +-- twig@1.10.4
75 silly idealTree +-- type-is@1.6.15
75 silly idealTree +-- typedarray-to-buffer@3.1.2
75 silly idealTree +-- typedarray@0.0.6
75 silly idealTree +-- unpipe@1.0.0
75 silly idealTree +-- util-deprecate@1.0.2
75 silly idealTree +-- utils-merge@1.0.0
75 silly idealTree +-- vary@1.1.1
75 silly idealTree +-- walk@2.3.9
75 silly idealTree +-- websocket@1.0.24
75 silly idealTree `-- yaeti@0.0.6
76 silly generateActionsToTake Starting
77 silly install generateActionsToTake
78 silly generateActionsToTake Finishing
79 silly diffTrees action count 1
80 silly diffTrees add node-dht-sensor@0.0.32
81 silly decomposeActions action count 8
82 silly decomposeActions fetch node-dht-sensor@0.0.32
83 silly decomposeActions extract node-dht-sensor@0.0.32
84 silly decomposeActions test node-dht-sensor@0.0.32
85 silly decomposeActions preinstall node-dht-sensor@0.0.32
86 silly decomposeActions build node-dht-sensor@0.0.32
87 silly decomposeActions install node-dht-sensor@0.0.32
88 silly decomposeActions postinstall node-dht-sensor@0.0.32
89 silly decomposeActions finalize node-dht-sensor@0.0.32
90 silly runTopLevelLifecycles Starting
91 silly executeActions Starting
92 silly install executeActions
93 silly doSerial global-install 0
94 silly doParallel fetch 1
95 verbose correctMkdir C:\Users\Aleksi\AppData\Roaming\npm-cache\_locks correctMkdir not in flight; initializing
96 verbose lock using C:\Users\Aleksi\AppData\Roaming\npm-cache\_locks\staging-e59e23b8a1788409.lock for C:\Users\Aleksi\Documents\NetBeansProjects\piweather\node_modules\.staging
97 silly doParallel extract 1
98 silly extract node-dht-sensor@0.0.32
99 verbose unbuild node_modules\.staging\node-dht-sensor-dc1dd213
100 silly gentlyRm C:\Users\Aleksi\Documents\NetBeansProjects\piweather\node_modules\.staging\node-dht-sensor-dc1dd213 is being purged from base C:\Users\Aleksi\Documents\NetBeansProjects\piweather
101 verbose gentlyRm don't care about contents; nuking C:\Users\Aleksi\Documents\NetBeansProjects\piweather\node_modules\.staging\node-dht-sensor-dc1dd213
102 verbose tar unpack C:\Users\Aleksi\AppData\Roaming\npm-cache\node-dht-sensor\0.0.32\package.tgz
103 verbose tar unpacking to C:\Users\Aleksi\Documents\NetBeansProjects\piweather\node_modules\.staging\node-dht-sensor-dc1dd213
104 silly gentlyRm C:\Users\Aleksi\Documents\NetBeansProjects\piweather\node_modules\.staging\node-dht-sensor-dc1dd213 is being purged
105 verbose gentlyRm don't care about contents; nuking C:\Users\Aleksi\Documents\NetBeansProjects\piweather\node_modules\.staging\node-dht-sensor-dc1dd213
106 silly gunzTarPerm modes [ '777', '666' ]
107 silly gunzTarPerm extractEntry package.json
108 silly gunzTarPerm modified mode [ 'package.json', 448, 502 ]
109 silly gunzTarPerm extractEntry .npmignore
110 silly gunzTarPerm modified mode [ '.npmignore', 420, 438 ]
111 silly gunzTarPerm extractEntry README.md
112 silly gunzTarPerm modified mode [ 'README.md', 493, 511 ]
113 silly gunzTarPerm extractEntry LICENSE
114 silly gunzTarPerm modified mode [ 'LICENSE', 420, 438 ]
115 silly gunzTarPerm extractEntry check-lib.sh
116 silly gunzTarPerm modified mode [ 'check-lib.sh', 493, 511 ]
117 silly gunzTarPerm extractEntry dht-sensor.cpp
118 silly gunzTarPerm modified mode [ 'dht-sensor.cpp', 448, 502 ]
119 silly gunzTarPerm extractEntry dht-sensor.h
120 silly gunzTarPerm modified mode [ 'dht-sensor.h', 493, 511 ]
121 silly gunzTarPerm extractEntry node-dht-sensor.cpp
122 silly gunzTarPerm modified mode [ 'node-dht-sensor.cpp', 493, 511 ]
123 silly gunzTarPerm extractEntry binding.gyp
124 silly gunzTarPerm modified mode [ 'binding.gyp', 493, 511 ]
125 silly gunzTarPerm extractEntry test/async-explicit.js
126 silly gunzTarPerm modified mode [ 'test/async-explicit.js', 493, 511 ]
127 silly gunzTarPerm extractEntry test/duty.js
128 silly gunzTarPerm modified mode [ 'test/duty.js', 493, 511 ]
129 silly gunzTarPerm extractEntry test/sync-explicit.js
130 silly gunzTarPerm modified mode [ 'test/sync-explicit.js', 493, 511 ]
131 silly gunzTarPerm extractEntry test/sync-implicit.js
132 silly gunzTarPerm modified mode [ 'test/sync-implicit.js', 493, 511 ]
133 silly gentlyRm C:\Users\Aleksi\Documents\NetBeansProjects\piweather\node_modules\.staging\node-dht-sensor-dc1dd213\node_modules is being purged
134 verbose gentlyRm don't care about contents; nuking C:\Users\Aleksi\Documents\NetBeansProjects\piweather\node_modules\.staging\node-dht-sensor-dc1dd213\node_modules
135 silly doParallel preinstall 1
136 silly preinstall node-dht-sensor@0.0.32
137 info lifecycle node-dht-sensor@0.0.32~preinstall: node-dht-sensor@0.0.32
138 verbose lifecycle node-dht-sensor@0.0.32~preinstall: unsafe-perm in lifecycle true
139 verbose lifecycle node-dht-sensor@0.0.32~preinstall: PATH: C:\Program Files\nodejs\node_modules\npm\bin\node-gyp-bin;C:\Users\Aleksi\Documents\NetBeansProjects\piweather\node_modules\.staging\node-dht-sensor-dc1dd213\node_modules\.bin;C:\Users\Aleksi\Documents\NetBeansProjects\piweather\node_modules\.bin;c:\programdata\oracle\java\javapath;c:\windows\system32;c:\windows;c:\windows\system32\wbem;c:\windows\system32\windowspowershell\v1.0\;c:\program files (x86)\skype\phone\;c:\adb;c:\xampp\php;c:\programdata\composersetup\bin;c:\program files\ethereum 0.9.41\bin;c:\windows\system32;c:\windows;c:\windows\system32\wbem;c:\windows\system32\windowspowershell\v1.0\;c:\program files (x86)\heroku\bin;c:\program files (x86)\git\cmd;c:\program files (x86)\git\cmd;c:\program files (x86)\common files\adobe\agl;c:\program files\miktex 2.9\miktex\bin\x64\;c:\android;c:\windows\system32;c:\program files\tortoisesvn\bin;C:\Program Files (x86)\NVIDIA Corporation\PhysX\Common;C:\Program Files\nodejs\;E:\Program Files\MATLAB\R2016b\runtime\win64;E:\Program Files\MATLAB\R2016b\bin;C:\Ruby23-x64\bin;C:\Users\Aleksi\AppData\Roaming\Composer\vendor\bin;C:\Users\Aleksi\AppData\Local\Microsoft\WindowsApps;C:\Program Files\apache-maven-3.3.9\bin;C:\Users\Aleksi\AppData\Roaming\npm;C:\Users\Aleksi\AppData\Local\atom\bin
140 verbose lifecycle node-dht-sensor@0.0.32~preinstall: CWD: C:\Users\Aleksi\Documents\NetBeansProjects\piweather\node_modules\.staging\node-dht-sensor-dc1dd213
141 silly lifecycle node-dht-sensor@0.0.32~preinstall: Args: [ '/d /s /c', './check-lib.sh' ]
142 silly lifecycle node-dht-sensor@0.0.32~preinstall: Returned: code: 1  signal: null
143 info lifecycle node-dht-sensor@0.0.32~preinstall: Failed to exec preinstall script
144 verbose unlock done using C:\Users\Aleksi\AppData\Roaming\npm-cache\_locks\staging-e59e23b8a1788409.lock for C:\Users\Aleksi\Documents\NetBeansProjects\piweather\node_modules\.staging
145 silly rollbackFailedOptional Starting
146 silly rollbackFailedOptional Finishing
147 silly runTopLevelLifecycles Finishing
148 silly install printInstalled
149 warn piweather@1.0.0 No repository field.
150 verbose If you need help, you may report this error at:
150 verbose     <https://github.com/npm/npm/issues>
151 verbose stack Error: node-dht-sensor@0.0.32 preinstall: `./check-lib.sh`
151 verbose stack Exit status 1
151 verbose stack     at EventEmitter.<anonymous> (C:\Program Files\nodejs\node_modules\npm\lib\utils\lifecycle.js:279:16)
151 verbose stack     at emitTwo (events.js:106:13)
151 verbose stack     at EventEmitter.emit (events.js:192:7)
151 verbose stack     at ChildProcess.<anonymous> (C:\Program Files\nodejs\node_modules\npm\lib\utils\spawn.js:40:14)
151 verbose stack     at emitTwo (events.js:106:13)
151 verbose stack     at ChildProcess.emit (events.js:192:7)
151 verbose stack     at maybeClose (internal/child_process.js:890:16)
151 verbose stack     at Process.ChildProcess._handle.onexit (internal/child_process.js:226:5)
152 verbose pkgid node-dht-sensor@0.0.32
153 verbose cwd C:\Users\Aleksi\Documents\NetBeansProjects\piweather
154 error Windows_NT 10.0.14393
155 error argv "C:\\Program Files\\nodejs\\node.exe" "C:\\Program Files\\nodejs\\node_modules\\npm\\bin\\npm-cli.js" "install" "node-dht-sensor" "--save"
156 error node v7.5.0
157 error npm  v4.1.2
158 error code ELIFECYCLE
159 error node-dht-sensor@0.0.32 preinstall: `./check-lib.sh`
159 error Exit status 1
160 error Failed at the node-dht-sensor@0.0.32 preinstall script './check-lib.sh'.
160 error Make sure you have the latest version of node.js and npm installed.
160 error If you do, this is most likely a problem with the node-dht-sensor package,
160 error not with npm itself.
160 error Tell the author that this fails on your system:
160 error     ./check-lib.sh
160 error You can get information on how to open an issue for this project with:
160 error     npm bugs node-dht-sensor
160 error Or if that isn't available, you can get their info via:
160 error     npm owner ls node-dht-sensor
160 error There is likely additional logging output above.
161 verbose exit [ 1, true ]
